20:50:43.058 [main] INFO  com.epam.oval.logic.Director - Started reading ovals from file: path
20:51:08.481 [main] INFO  com.epam.oval.logic.Director - Started reading ovals from file: path
21:13:09.386 [main] INFO  com.epam.oval.logic.Director - Started reading ovals from file: path
22:26:29.508 [main] INFO  com.epam.oval.logic.Director - Started reading ovals from file: path
15:01:53.971 [main] INFO  com.epam.oval.logic.OvalCalculator - Started calculating the perimeter of Oval{firstpoint=com.epam.oval.entity.Point@33990a0c, secondpoint=com.epam.oval.entity.Point@4de4b452}
15:01:53.977 [main] INFO  com.epam.oval.logic.OvalCalculator - Calculated the perimeter of Oval{firstpoint=com.epam.oval.entity.Point@33990a0c, secondpoint=com.epam.oval.entity.Point@4de4b452}: 6.283185307179586
15:01:53.978 [main] INFO  com.epam.oval.logic.OvalCalculator - Started calculating the  area of Oval{firstpoint=com.epam.oval.entity.Point@33990a0c, secondpoint=com.epam.oval.entity.Point@4de4b452}
15:01:53.978 [main] INFO  com.epam.oval.logic.OvalCalculator - Calculated the  area of Oval{firstpoint=com.epam.oval.entity.Point@33990a0c, secondpoint=com.epam.oval.entity.Point@4de4b452}: 3.141592653589793
15:01:53.978 [main] INFO  com.epam.oval.logic.OvalCalculator - Started calculating the perimeter of Oval{firstpoint=com.epam.oval.entity.Point@63a12c68, secondpoint=com.epam.oval.entity.Point@28f3b248}
15:01:53.978 [main] INFO  com.epam.oval.logic.OvalCalculator - Calculated the perimeter of Oval{firstpoint=com.epam.oval.entity.Point@63a12c68, secondpoint=com.epam.oval.entity.Point@28f3b248}: 12.566370614359172
15:01:53.979 [main] INFO  com.epam.oval.logic.OvalCalculator - Started calculating the  area of Oval{firstpoint=com.epam.oval.entity.Point@63a12c68, secondpoint=com.epam.oval.entity.Point@28f3b248}
15:01:53.979 [main] INFO  com.epam.oval.logic.OvalCalculator - Calculated the  area of Oval{firstpoint=com.epam.oval.entity.Point@63a12c68, secondpoint=com.epam.oval.entity.Point@28f3b248}: 12.566370614359172
15:01:53.979 [main] INFO  com.epam.oval.logic.OvalCalculator - Started calculating the perimeter of Oval{firstpoint=com.epam.oval.entity.Point@1b1426f4, secondpoint=com.epam.oval.entity.Point@28f3b248}
15:01:53.979 [main] INFO  com.epam.oval.logic.OvalCalculator - Calculated the perimeter of Oval{firstpoint=com.epam.oval.entity.Point@1b1426f4, secondpoint=com.epam.oval.entity.Point@28f3b248}: 12.566370614359172
15:01:53.979 [main] INFO  com.epam.oval.logic.OvalCalculator - Started calculating the  area of Oval{firstpoint=com.epam.oval.entity.Point@1b1426f4, secondpoint=com.epam.oval.entity.Point@28f3b248}
15:01:53.979 [main] INFO  com.epam.oval.logic.OvalCalculator - Calculated the  area of Oval{firstpoint=com.epam.oval.entity.Point@1b1426f4, secondpoint=com.epam.oval.entity.Point@28f3b248}: 12.566370614359172
15:01:53.979 [main] INFO  com.epam.oval.logic.OvalCalculator - Started calculating the perimeter of Oval{firstpoint=com.epam.oval.entity.Point@32b260fa, secondpoint=com.epam.oval.entity.Point@28f3b248}
15:01:53.979 [main] INFO  com.epam.oval.logic.OvalCalculator - Calculated the perimeter of Oval{firstpoint=com.epam.oval.entity.Point@32b260fa, secondpoint=com.epam.oval.entity.Point@28f3b248}: 0.0
15:01:53.979 [main] INFO  com.epam.oval.logic.OvalCalculator - Started calculating the  area of Oval{firstpoint=com.epam.oval.entity.Point@32b260fa, secondpoint=com.epam.oval.entity.Point@28f3b248}
15:01:53.979 [main] INFO  com.epam.oval.logic.OvalCalculator - Calculated the  area of Oval{firstpoint=com.epam.oval.entity.Point@32b260fa, secondpoint=com.epam.oval.entity.Point@28f3b248}: 0.0
15:03:07.064 [main] INFO  com.epam.oval.logic.OvalCalculator - Started calculating the perimeter of Oval{firstpoint=com.epam.oval.entity.Point@50b5ac82, secondpoint=com.epam.oval.entity.Point@101952da}
15:03:07.070 [main] INFO  com.epam.oval.logic.OvalCalculator - Calculated the perimeter of Oval{firstpoint=com.epam.oval.entity.Point@50b5ac82, secondpoint=com.epam.oval.entity.Point@101952da}: 6.283185307179586
15:03:07.070 [main] INFO  com.epam.oval.logic.OvalCalculator - Started calculating the  area of Oval{firstpoint=com.epam.oval.entity.Point@50b5ac82, secondpoint=com.epam.oval.entity.Point@101952da}
15:03:07.071 [main] INFO  com.epam.oval.logic.OvalCalculator - Calculated the  area of Oval{firstpoint=com.epam.oval.entity.Point@50b5ac82, secondpoint=com.epam.oval.entity.Point@101952da}: 3.141592653589793
15:03:07.071 [main] INFO  com.epam.oval.logic.OvalCalculator - Started calculating the perimeter of Oval{firstpoint=com.epam.oval.entity.Point@1b1426f4, secondpoint=com.epam.oval.entity.Point@32b260fa}
15:03:07.071 [main] INFO  com.epam.oval.logic.OvalCalculator - Calculated the perimeter of Oval{firstpoint=com.epam.oval.entity.Point@1b1426f4, secondpoint=com.epam.oval.entity.Point@32b260fa}: 12.566370614359172
15:03:07.071 [main] INFO  com.epam.oval.logic.OvalCalculator - Started calculating the  area of Oval{firstpoint=com.epam.oval.entity.Point@1b1426f4, secondpoint=com.epam.oval.entity.Point@32b260fa}
15:03:07.071 [main] INFO  com.epam.oval.logic.OvalCalculator - Calculated the  area of Oval{firstpoint=com.epam.oval.entity.Point@1b1426f4, secondpoint=com.epam.oval.entity.Point@32b260fa}: 12.566370614359172
15:03:07.071 [main] INFO  com.epam.oval.logic.OvalCalculator - Started calculating the perimeter of Oval{firstpoint=com.epam.oval.entity.Point@581ac8a8, secondpoint=com.epam.oval.entity.Point@32b260fa}
15:03:07.071 [main] INFO  com.epam.oval.logic.OvalCalculator - Calculated the perimeter of Oval{firstpoint=com.epam.oval.entity.Point@581ac8a8, secondpoint=com.epam.oval.entity.Point@32b260fa}: 12.566370614359172
15:03:07.072 [main] INFO  com.epam.oval.logic.OvalCalculator - Started calculating the  area of Oval{firstpoint=com.epam.oval.entity.Point@581ac8a8, secondpoint=com.epam.oval.entity.Point@32b260fa}
15:03:07.072 [main] INFO  com.epam.oval.logic.OvalCalculator - Calculated the  area of Oval{firstpoint=com.epam.oval.entity.Point@581ac8a8, secondpoint=com.epam.oval.entity.Point@32b260fa}: 12.566370614359172
15:03:07.072 [main] INFO  com.epam.oval.logic.OvalCalculator - Started calculating the perimeter of Oval{firstpoint=com.epam.oval.entity.Point@6d4e5011, secondpoint=com.epam.oval.entity.Point@32b260fa}
15:03:07.072 [main] INFO  com.epam.oval.logic.OvalCalculator - Calculated the perimeter of Oval{firstpoint=com.epam.oval.entity.Point@6d4e5011, secondpoint=com.epam.oval.entity.Point@32b260fa}: 0.0
15:03:07.072 [main] INFO  com.epam.oval.logic.OvalCalculator - Started calculating the  area of Oval{firstpoint=com.epam.oval.entity.Point@6d4e5011, secondpoint=com.epam.oval.entity.Point@32b260fa}
15:03:07.072 [main] INFO  com.epam.oval.logic.OvalCalculator - Calculated the  area of Oval{firstpoint=com.epam.oval.entity.Point@6d4e5011, secondpoint=com.epam.oval.entity.Point@32b260fa}: 0.0
15:07:21.830 [main] INFO  com.epam.oval.logic.OvalCalculator - Started calculating the perimeter of Oval{firstpoint=com.epam.oval.entity.Point@50b5ac82, secondpoint=com.epam.oval.entity.Point@101952da}
15:07:21.838 [main] INFO  com.epam.oval.logic.OvalCalculator - Calculated the perimeter of Oval{firstpoint=com.epam.oval.entity.Point@50b5ac82, secondpoint=com.epam.oval.entity.Point@101952da}: 6.283185307179586
15:07:21.838 [main] INFO  com.epam.oval.logic.OvalCalculator - Started calculating the  area of Oval{firstpoint=com.epam.oval.entity.Point@50b5ac82, secondpoint=com.epam.oval.entity.Point@101952da}
15:07:21.838 [main] INFO  com.epam.oval.logic.OvalCalculator - Calculated the  area of Oval{firstpoint=com.epam.oval.entity.Point@50b5ac82, secondpoint=com.epam.oval.entity.Point@101952da}: 3.141592653589793
15:07:21.839 [main] INFO  com.epam.oval.logic.OvalCalculator - Started calculating the perimeter of Oval{firstpoint=com.epam.oval.entity.Point@1b1426f4, secondpoint=com.epam.oval.entity.Point@32b260fa}
15:07:21.839 [main] INFO  com.epam.oval.logic.OvalCalculator - Calculated the perimeter of Oval{firstpoint=com.epam.oval.entity.Point@1b1426f4, secondpoint=com.epam.oval.entity.Point@32b260fa}: 12.566370614359172
15:07:21.839 [main] INFO  com.epam.oval.logic.OvalCalculator - Started calculating the  area of Oval{firstpoint=com.epam.oval.entity.Point@1b1426f4, secondpoint=com.epam.oval.entity.Point@32b260fa}
15:07:21.839 [main] INFO  com.epam.oval.logic.OvalCalculator - Calculated the  area of Oval{firstpoint=com.epam.oval.entity.Point@1b1426f4, secondpoint=com.epam.oval.entity.Point@32b260fa}: 12.566370614359172
15:07:21.839 [main] INFO  com.epam.oval.logic.OvalCalculator - Started calculating the perimeter of Oval{firstpoint=com.epam.oval.entity.Point@581ac8a8, secondpoint=com.epam.oval.entity.Point@32b260fa}
15:07:21.839 [main] INFO  com.epam.oval.logic.OvalCalculator - Calculated the perimeter of Oval{firstpoint=com.epam.oval.entity.Point@581ac8a8, secondpoint=com.epam.oval.entity.Point@32b260fa}: 12.566370614359172
15:07:21.839 [main] INFO  com.epam.oval.logic.OvalCalculator - Started calculating the  area of Oval{firstpoint=com.epam.oval.entity.Point@581ac8a8, secondpoint=com.epam.oval.entity.Point@32b260fa}
15:07:21.839 [main] INFO  com.epam.oval.logic.OvalCalculator - Calculated the  area of Oval{firstpoint=com.epam.oval.entity.Point@581ac8a8, secondpoint=com.epam.oval.entity.Point@32b260fa}: 12.566370614359172
15:07:21.840 [main] INFO  com.epam.oval.logic.OvalCalculator - Started calculating the perimeter of Oval{firstpoint=com.epam.oval.entity.Point@6d4e5011, secondpoint=com.epam.oval.entity.Point@32b260fa}
15:07:21.840 [main] INFO  com.epam.oval.logic.OvalCalculator - Calculated the perimeter of Oval{firstpoint=com.epam.oval.entity.Point@6d4e5011, secondpoint=com.epam.oval.entity.Point@32b260fa}: 0.0
15:07:21.840 [main] INFO  com.epam.oval.logic.OvalCalculator - Started calculating the  area of Oval{firstpoint=com.epam.oval.entity.Point@6d4e5011, secondpoint=com.epam.oval.entity.Point@32b260fa}
15:07:21.840 [main] INFO  com.epam.oval.logic.OvalCalculator - Calculated the  area of Oval{firstpoint=com.epam.oval.entity.Point@6d4e5011, secondpoint=com.epam.oval.entity.Point@32b260fa}: 0.0
15:07:30.047 [main] INFO  com.epam.oval.logic.OvalCalculator - Started calculating the perimeter of Oval{firstpoint=com.epam.oval.entity.Point@50b5ac82, secondpoint=com.epam.oval.entity.Point@101952da}
15:07:30.054 [main] INFO  com.epam.oval.logic.OvalCalculator - Calculated the perimeter of Oval{firstpoint=com.epam.oval.entity.Point@50b5ac82, secondpoint=com.epam.oval.entity.Point@101952da}: 6.283185307179586
15:07:30.054 [main] INFO  com.epam.oval.logic.OvalCalculator - Started calculating the  area of Oval{firstpoint=com.epam.oval.entity.Point@50b5ac82, secondpoint=com.epam.oval.entity.Point@101952da}
15:07:30.054 [main] INFO  com.epam.oval.logic.OvalCalculator - Calculated the  area of Oval{firstpoint=com.epam.oval.entity.Point@50b5ac82, secondpoint=com.epam.oval.entity.Point@101952da}: 3.141592653589793
15:07:30.055 [main] INFO  com.epam.oval.logic.OvalCalculator - Started calculating the perimeter of Oval{firstpoint=com.epam.oval.entity.Point@1b1426f4, secondpoint=com.epam.oval.entity.Point@32b260fa}
15:07:30.055 [main] INFO  com.epam.oval.logic.OvalCalculator - Calculated the perimeter of Oval{firstpoint=com.epam.oval.entity.Point@1b1426f4, secondpoint=com.epam.oval.entity.Point@32b260fa}: 12.566370614359172
15:07:30.055 [main] INFO  com.epam.oval.logic.OvalCalculator - Started calculating the  area of Oval{firstpoint=com.epam.oval.entity.Point@1b1426f4, secondpoint=com.epam.oval.entity.Point@32b260fa}
15:07:30.055 [main] INFO  com.epam.oval.logic.OvalCalculator - Calculated the  area of Oval{firstpoint=com.epam.oval.entity.Point@1b1426f4, secondpoint=com.epam.oval.entity.Point@32b260fa}: 12.566370614359172
15:07:30.055 [main] INFO  com.epam.oval.logic.OvalCalculator - Started calculating the perimeter of Oval{firstpoint=com.epam.oval.entity.Point@581ac8a8, secondpoint=com.epam.oval.entity.Point@32b260fa}
15:07:30.055 [main] INFO  com.epam.oval.logic.OvalCalculator - Calculated the perimeter of Oval{firstpoint=com.epam.oval.entity.Point@581ac8a8, secondpoint=com.epam.oval.entity.Point@32b260fa}: 12.566370614359172
15:07:30.055 [main] INFO  com.epam.oval.logic.OvalCalculator - Started calculating the  area of Oval{firstpoint=com.epam.oval.entity.Point@581ac8a8, secondpoint=com.epam.oval.entity.Point@32b260fa}
15:07:30.055 [main] INFO  com.epam.oval.logic.OvalCalculator - Calculated the  area of Oval{firstpoint=com.epam.oval.entity.Point@581ac8a8, secondpoint=com.epam.oval.entity.Point@32b260fa}: 12.566370614359172
15:07:30.055 [main] INFO  com.epam.oval.logic.OvalCalculator - Started calculating the perimeter of Oval{firstpoint=com.epam.oval.entity.Point@6d4e5011, secondpoint=com.epam.oval.entity.Point@32b260fa}
15:07:30.055 [main] INFO  com.epam.oval.logic.OvalCalculator - Calculated the perimeter of Oval{firstpoint=com.epam.oval.entity.Point@6d4e5011, secondpoint=com.epam.oval.entity.Point@32b260fa}: 0.0
15:07:30.055 [main] INFO  com.epam.oval.logic.OvalCalculator - Started calculating the  area of Oval{firstpoint=com.epam.oval.entity.Point@6d4e5011, secondpoint=com.epam.oval.entity.Point@32b260fa}
15:07:30.056 [main] INFO  com.epam.oval.logic.OvalCalculator - Calculated the  area of Oval{firstpoint=com.epam.oval.entity.Point@6d4e5011, secondpoint=com.epam.oval.entity.Point@32b260fa}: 0.0
15:09:53.852 [main] INFO  com.epam.oval.logic.OvalCalculator - Started calculating the perimeter of Oval{firstpoint=com.epam.oval.entity.Point@33990a0c, secondpoint=com.epam.oval.entity.Point@4de4b452}
15:09:53.858 [main] INFO  com.epam.oval.logic.OvalCalculator - Calculated the perimeter of Oval{firstpoint=com.epam.oval.entity.Point@33990a0c, secondpoint=com.epam.oval.entity.Point@4de4b452}: 6.283185307179586
15:09:53.858 [main] INFO  com.epam.oval.logic.OvalCalculator - Started calculating the  area of Oval{firstpoint=com.epam.oval.entity.Point@33990a0c, secondpoint=com.epam.oval.entity.Point@4de4b452}
15:09:53.858 [main] INFO  com.epam.oval.logic.OvalCalculator - Calculated the  area of Oval{firstpoint=com.epam.oval.entity.Point@33990a0c, secondpoint=com.epam.oval.entity.Point@4de4b452}: 3.141592653589793
15:09:53.859 [main] INFO  com.epam.oval.logic.OvalCalculator - Started calculating the perimeter of Oval{firstpoint=com.epam.oval.entity.Point@63a12c68, secondpoint=com.epam.oval.entity.Point@28f3b248}
15:09:53.859 [main] INFO  com.epam.oval.logic.OvalCalculator - Calculated the perimeter of Oval{firstpoint=com.epam.oval.entity.Point@63a12c68, secondpoint=com.epam.oval.entity.Point@28f3b248}: 12.566370614359172
15:09:53.859 [main] INFO  com.epam.oval.logic.OvalCalculator - Started calculating the  area of Oval{firstpoint=com.epam.oval.entity.Point@63a12c68, secondpoint=com.epam.oval.entity.Point@28f3b248}
15:09:53.859 [main] INFO  com.epam.oval.logic.OvalCalculator - Calculated the  area of Oval{firstpoint=com.epam.oval.entity.Point@63a12c68, secondpoint=com.epam.oval.entity.Point@28f3b248}: 12.566370614359172
15:09:53.860 [main] INFO  com.epam.oval.logic.OvalCalculator - Started calculating the perimeter of Oval{firstpoint=com.epam.oval.entity.Point@1b1426f4, secondpoint=com.epam.oval.entity.Point@28f3b248}
15:09:53.860 [main] INFO  com.epam.oval.logic.OvalCalculator - Calculated the perimeter of Oval{firstpoint=com.epam.oval.entity.Point@1b1426f4, secondpoint=com.epam.oval.entity.Point@28f3b248}: 12.566370614359172
15:09:53.860 [main] INFO  com.epam.oval.logic.OvalCalculator - Started calculating the  area of Oval{firstpoint=com.epam.oval.entity.Point@1b1426f4, secondpoint=com.epam.oval.entity.Point@28f3b248}
15:09:53.860 [main] INFO  com.epam.oval.logic.OvalCalculator - Calculated the  area of Oval{firstpoint=com.epam.oval.entity.Point@1b1426f4, secondpoint=com.epam.oval.entity.Point@28f3b248}: 12.566370614359172
15:09:53.860 [main] INFO  com.epam.oval.logic.OvalCalculator - Started calculating the perimeter of Oval{firstpoint=com.epam.oval.entity.Point@32b260fa, secondpoint=com.epam.oval.entity.Point@28f3b248}
15:09:53.860 [main] INFO  com.epam.oval.logic.OvalCalculator - Calculated the perimeter of Oval{firstpoint=com.epam.oval.entity.Point@32b260fa, secondpoint=com.epam.oval.entity.Point@28f3b248}: 0.0
15:09:53.860 [main] INFO  com.epam.oval.logic.OvalCalculator - Started calculating the  area of Oval{firstpoint=com.epam.oval.entity.Point@32b260fa, secondpoint=com.epam.oval.entity.Point@28f3b248}
15:09:53.860 [main] INFO  com.epam.oval.logic.OvalCalculator - Calculated the  area of Oval{firstpoint=com.epam.oval.entity.Point@32b260fa, secondpoint=com.epam.oval.entity.Point@28f3b248}: 0.0
15:10:17.718 [main] INFO  com.epam.oval.logic.OvalCalculator - Started calculating the perimeter of Oval{firstpoint=com.epam.oval.entity.Point@50b5ac82, secondpoint=com.epam.oval.entity.Point@101952da}
15:10:17.723 [main] INFO  com.epam.oval.logic.OvalCalculator - Calculated the perimeter of Oval{firstpoint=com.epam.oval.entity.Point@50b5ac82, secondpoint=com.epam.oval.entity.Point@101952da}: 6.283185307179586
15:10:17.723 [main] INFO  com.epam.oval.logic.OvalCalculator - Started calculating the  area of Oval{firstpoint=com.epam.oval.entity.Point@50b5ac82, secondpoint=com.epam.oval.entity.Point@101952da}
15:10:17.724 [main] INFO  com.epam.oval.logic.OvalCalculator - Calculated the  area of Oval{firstpoint=com.epam.oval.entity.Point@50b5ac82, secondpoint=com.epam.oval.entity.Point@101952da}: 3.141592653589793
15:10:17.724 [main] INFO  com.epam.oval.logic.OvalCalculator - Started calculating the perimeter of Oval{firstpoint=com.epam.oval.entity.Point@1b1426f4, secondpoint=com.epam.oval.entity.Point@32b260fa}
15:10:17.724 [main] INFO  com.epam.oval.logic.OvalCalculator - Calculated the perimeter of Oval{firstpoint=com.epam.oval.entity.Point@1b1426f4, secondpoint=com.epam.oval.entity.Point@32b260fa}: 12.566370614359172
15:10:17.725 [main] INFO  com.epam.oval.logic.OvalCalculator - Started calculating the  area of Oval{firstpoint=com.epam.oval.entity.Point@1b1426f4, secondpoint=com.epam.oval.entity.Point@32b260fa}
15:10:17.725 [main] INFO  com.epam.oval.logic.OvalCalculator - Calculated the  area of Oval{firstpoint=com.epam.oval.entity.Point@1b1426f4, secondpoint=com.epam.oval.entity.Point@32b260fa}: 12.566370614359172
15:10:17.725 [main] INFO  com.epam.oval.logic.OvalCalculator - Started calculating the perimeter of Oval{firstpoint=com.epam.oval.entity.Point@581ac8a8, secondpoint=com.epam.oval.entity.Point@32b260fa}
15:10:17.725 [main] INFO  com.epam.oval.logic.OvalCalculator - Calculated the perimeter of Oval{firstpoint=com.epam.oval.entity.Point@581ac8a8, secondpoint=com.epam.oval.entity.Point@32b260fa}: 12.566370614359172
15:10:17.725 [main] INFO  com.epam.oval.logic.OvalCalculator - Started calculating the  area of Oval{firstpoint=com.epam.oval.entity.Point@581ac8a8, secondpoint=com.epam.oval.entity.Point@32b260fa}
15:10:17.725 [main] INFO  com.epam.oval.logic.OvalCalculator - Calculated the  area of Oval{firstpoint=com.epam.oval.entity.Point@581ac8a8, secondpoint=com.epam.oval.entity.Point@32b260fa}: 12.566370614359172
15:10:17.725 [main] INFO  com.epam.oval.logic.OvalCalculator - Started calculating the perimeter of Oval{firstpoint=com.epam.oval.entity.Point@6d4e5011, secondpoint=com.epam.oval.entity.Point@32b260fa}
15:10:17.725 [main] INFO  com.epam.oval.logic.OvalCalculator - Calculated the perimeter of Oval{firstpoint=com.epam.oval.entity.Point@6d4e5011, secondpoint=com.epam.oval.entity.Point@32b260fa}: 0.0
15:10:17.725 [main] INFO  com.epam.oval.logic.OvalCalculator - Started calculating the  area of Oval{firstpoint=com.epam.oval.entity.Point@6d4e5011, secondpoint=com.epam.oval.entity.Point@32b260fa}
15:10:17.725 [main] INFO  com.epam.oval.logic.OvalCalculator - Calculated the  area of Oval{firstpoint=com.epam.oval.entity.Point@6d4e5011, secondpoint=com.epam.oval.entity.Point@32b260fa}: 0.0
15:10:34.386 [main] INFO  com.epam.oval.logic.OvalCalculator - Started calculating the perimeter of Oval{firstpoint=com.epam.oval.entity.Point@50b5ac82, secondpoint=com.epam.oval.entity.Point@101952da}
15:10:34.391 [main] INFO  com.epam.oval.logic.OvalCalculator - Calculated the perimeter of Oval{firstpoint=com.epam.oval.entity.Point@50b5ac82, secondpoint=com.epam.oval.entity.Point@101952da}: 6.283185307179586
15:10:34.392 [main] INFO  com.epam.oval.logic.OvalCalculator - Started calculating the  area of Oval{firstpoint=com.epam.oval.entity.Point@50b5ac82, secondpoint=com.epam.oval.entity.Point@101952da}
15:10:34.392 [main] INFO  com.epam.oval.logic.OvalCalculator - Calculated the  area of Oval{firstpoint=com.epam.oval.entity.Point@50b5ac82, secondpoint=com.epam.oval.entity.Point@101952da}: 3.141592653589793
15:10:34.392 [main] INFO  com.epam.oval.logic.OvalCalculator - Started calculating the perimeter of Oval{firstpoint=com.epam.oval.entity.Point@1b1426f4, secondpoint=com.epam.oval.entity.Point@32b260fa}
15:10:34.393 [main] INFO  com.epam.oval.logic.OvalCalculator - Calculated the perimeter of Oval{firstpoint=com.epam.oval.entity.Point@1b1426f4, secondpoint=com.epam.oval.entity.Point@32b260fa}: 12.566370614359172
15:10:34.393 [main] INFO  com.epam.oval.logic.OvalCalculator - Started calculating the  area of Oval{firstpoint=com.epam.oval.entity.Point@1b1426f4, secondpoint=com.epam.oval.entity.Point@32b260fa}
15:10:34.393 [main] INFO  com.epam.oval.logic.OvalCalculator - Calculated the  area of Oval{firstpoint=com.epam.oval.entity.Point@1b1426f4, secondpoint=com.epam.oval.entity.Point@32b260fa}: 12.566370614359172
15:11:54.833 [main] INFO  com.epam.oval.logic.OvalCalculator - Started calculating the perimeter of Oval{firstpoint=com.epam.oval.entity.Point@33990a0c, secondpoint=com.epam.oval.entity.Point@4de4b452}
15:11:54.839 [main] INFO  com.epam.oval.logic.OvalCalculator - Calculated the perimeter of Oval{firstpoint=com.epam.oval.entity.Point@33990a0c, secondpoint=com.epam.oval.entity.Point@4de4b452}: 6.283185307179586
15:11:54.840 [main] INFO  com.epam.oval.logic.OvalCalculator - Started calculating the  area of Oval{firstpoint=com.epam.oval.entity.Point@33990a0c, secondpoint=com.epam.oval.entity.Point@4de4b452}
15:11:54.840 [main] INFO  com.epam.oval.logic.OvalCalculator - Calculated the  area of Oval{firstpoint=com.epam.oval.entity.Point@33990a0c, secondpoint=com.epam.oval.entity.Point@4de4b452}: 3.141592653589793
15:11:54.841 [main] INFO  com.epam.oval.logic.OvalCalculator - Started calculating the perimeter of Oval{firstpoint=com.epam.oval.entity.Point@63a12c68, secondpoint=com.epam.oval.entity.Point@28f3b248}
15:11:54.841 [main] INFO  com.epam.oval.logic.OvalCalculator - Calculated the perimeter of Oval{firstpoint=com.epam.oval.entity.Point@63a12c68, secondpoint=com.epam.oval.entity.Point@28f3b248}: 12.566370614359172
15:11:54.841 [main] INFO  com.epam.oval.logic.OvalCalculator - Started calculating the  area of Oval{firstpoint=com.epam.oval.entity.Point@63a12c68, secondpoint=com.epam.oval.entity.Point@28f3b248}
15:11:54.841 [main] INFO  com.epam.oval.logic.OvalCalculator - Calculated the  area of Oval{firstpoint=com.epam.oval.entity.Point@63a12c68, secondpoint=com.epam.oval.entity.Point@28f3b248}: 12.566370614359172
15:11:54.841 [main] INFO  com.epam.oval.logic.OvalCalculator - Started calculating the perimeter of Oval{firstpoint=com.epam.oval.entity.Point@1b1426f4, secondpoint=com.epam.oval.entity.Point@28f3b248}
15:11:54.841 [main] INFO  com.epam.oval.logic.OvalCalculator - Calculated the perimeter of Oval{firstpoint=com.epam.oval.entity.Point@1b1426f4, secondpoint=com.epam.oval.entity.Point@28f3b248}: 12.566370614359172
15:11:54.841 [main] INFO  com.epam.oval.logic.OvalCalculator - Started calculating the  area of Oval{firstpoint=com.epam.oval.entity.Point@1b1426f4, secondpoint=com.epam.oval.entity.Point@28f3b248}
15:11:54.841 [main] INFO  com.epam.oval.logic.OvalCalculator - Calculated the  area of Oval{firstpoint=com.epam.oval.entity.Point@1b1426f4, secondpoint=com.epam.oval.entity.Point@28f3b248}: 12.566370614359172
15:11:54.841 [main] INFO  com.epam.oval.logic.OvalCalculator - Started calculating the perimeter of Oval{firstpoint=com.epam.oval.entity.Point@1b1426f4, secondpoint=com.epam.oval.entity.Point@32b260fa}
15:11:54.842 [main] INFO  com.epam.oval.logic.OvalCalculator - Calculated the perimeter of Oval{firstpoint=com.epam.oval.entity.Point@1b1426f4, secondpoint=com.epam.oval.entity.Point@32b260fa}: 12.566370614359172
15:11:54.842 [main] INFO  com.epam.oval.logic.OvalCalculator - Started calculating the  area of Oval{firstpoint=com.epam.oval.entity.Point@1b1426f4, secondpoint=com.epam.oval.entity.Point@32b260fa}
15:11:54.842 [main] INFO  com.epam.oval.logic.OvalCalculator - Calculated the  area of Oval{firstpoint=com.epam.oval.entity.Point@1b1426f4, secondpoint=com.epam.oval.entity.Point@32b260fa}: 12.566370614359172
